<?xml version="1.0" encoding="UTF-8"?>
<!-- Generated by org.testng.reporters.JUnitXMLReporter -->
<testsuite hostname="DESKTOP-TKOF22I" ignored="0" name="Swag Labs Login Test" tests="5" failures="0" timestamp="2020-12-06T22:45:22 IST" time="12.82" errors="0">
  <testcase name="verifyLoginPageTitle" time="0.548" classname="com.sauceLabs.testScripts.SwagLabsLoginTest"/>
  <testcase name="verifyLoginFunctionalityNegativeValidations" time="0.884" classname="com.sauceLabs.testScripts.SwagLabsLoginTest"/>
  <testcase name="loginToSwagLabs" time="0.969" classname="com.sauceLabs.testScripts.SwagLabsLoginTest"/>
  <testcase name="validateHamBurgerMenuOptions" time="0.93" classname="com.sauceLabs.testScripts.SwagLabsLoginTest"/>
  <testcase name="addToCartAndValidate" time="1.703" classname="com.sauceLabs.testScripts.SwagLabsLoginTest"/>
</testsuite> <!-- Swag Labs Login Test -->
