<?xml version="1.0" encoding="UTF-8"?>
<!-- Generated by org.testng.reporters.JUnitXMLReporter -->
<testsuite hostname="DESKTOP-TKOF22I" ignored="0" name="Swag Labs Login Test" tests="5" failures="0" timestamp="07 Dec 2020 11:31:34 GMT" time="14.193" errors="0">
  <testcase name="verifyLoginPageTitle" time="0.606" classname="com.sauceLabs.testScripts.SwagLabsLoginTest"/>
  <testcase name="verifyLoginFunctionalityNegativeValidations" time="0.905" classname="com.sauceLabs.testScripts.SwagLabsLoginTest"/>
  <testcase name="loginToSwagLabs" time="1.042" classname="com.sauceLabs.testScripts.SwagLabsLoginTest"/>
  <testcase name="validateHamBurgerMenuOptions" time="1.216" classname="com.sauceLabs.testScripts.SwagLabsLoginTest"/>
  <testcase name="addToCartAndValidate" time="2.079" classname="com.sauceLabs.testScripts.SwagLabsLoginTest"/>
</testsuite> <!-- Swag Labs Login Test -->
