<?xml version="1.0" encoding="UTF-8"?>
<testng-results skipped="0" failed="0" ignored="0" total="5" passed="5">
  <reporter-output>
  </reporter-output>
  <suite name="Suite" duration-ms="14193" started-at="2020-12-07T11:31:20Z" finished-at="2020-12-07T11:31:34Z">
    <groups>
    </groups>
    <test name="Swag Labs Login Test" duration-ms="14193" started-at="2020-12-07T11:31:20Z" finished-at="2020-12-07T11:31:34Z">
      <class name="com.sauceLabs.testScripts.SwagLabsLoginTest">
        <test-method status="PASS" signature="setUpTest(java.lang.String)[pri:0, instance:com.sauceLabs.testScripts.SwagLabsLoginTest@337d0578]" name="setUpTest" is-config="true" duration-ms="7227" started-at="2020-12-07T11:31:20Z" finished-at="2020-12-07T11:31:27Z">
          <params>
            <param index="0">
              <value>
                <![CDATA[chrome]]>
              </value>
            </param>
          </params>
          <reporter-output>
          </reporter-output>
        </test-method> <!-- setUpTest -->
        <test-method status="PASS" signature="verifyLoginPageTitle()[pri:1, instance:com.sauceLabs.testScripts.SwagLabsLoginTest@337d0578]" name="verifyLoginPageTitle" duration-ms="606" started-at="2020-12-07T11:31:27Z" finished-at="2020-12-07T11:31:28Z">
          <reporter-output>
          </reporter-output>
        </test-method> <!-- verifyLoginPageTitle -->
        <test-method status="PASS" signature="verifyLoginFunctionalityNegativeValidations()[pri:2, instance:com.sauceLabs.testScripts.SwagLabsLoginTest@337d0578]" name="verifyLoginFunctionalityNegativeValidations" duration-ms="905" started-at="2020-12-07T11:31:28Z" finished-at="2020-12-07T11:31:29Z">
          <reporter-output>
          </reporter-output>
        </test-method> <!-- verifyLoginFunctionalityNegativeValidations -->
        <test-method status="PASS" signature="loginToSwagLabs()[pri:3, instance:com.sauceLabs.testScripts.SwagLabsLoginTest@337d0578]" name="loginToSwagLabs" duration-ms="1042" started-at="2020-12-07T11:31:29Z" finished-at="2020-12-07T11:31:30Z">
          <reporter-output>
          </reporter-output>
        </test-method> <!-- loginToSwagLabs -->
        <test-method status="PASS" signature="validateHamBurgerMenuOptions()[pri:4, instance:com.sauceLabs.testScripts.SwagLabsLoginTest@337d0578]" name="validateHamBurgerMenuOptions" duration-ms="1216" started-at="2020-12-07T11:31:30Z" finished-at="2020-12-07T11:31:31Z">
          <reporter-output>
          </reporter-output>
        </test-method> <!-- validateHamBurgerMenuOptions -->
        <test-method status="PASS" signature="addToCartAndValidate()[pri:5, instance:com.sauceLabs.testScripts.SwagLabsLoginTest@337d0578]" name="addToCartAndValidate" duration-ms="2079" started-at="2020-12-07T11:31:31Z" finished-at="2020-12-07T11:31:33Z">
          <reporter-output>
          </reporter-output>
        </test-method> <!-- addToCartAndValidate -->
        <test-method status="PASS" signature="tearDown()[pri:0, instance:com.sauceLabs.testScripts.SwagLabsLoginTest@337d0578]" name="tearDown" is-config="true" duration-ms="1100" started-at="2020-12-07T11:31:33Z" finished-at="2020-12-07T11:31:34Z">
          <reporter-output>
          </reporter-output>
        </test-method> <!-- tearDown -->
      </class> <!-- com.sauceLabs.testScripts.SwagLabsLoginTest -->
    </test> <!-- Swag Labs Login Test -->
  </suite> <!-- Suite -->
</testng-results>
